2020-03-01 13:05:07 [scrapy.utils.log] INFO: Scrapy 1.8.0 started (bot: goodbook)
2020-03-01 13:05:07 [scrapy.utils.log] INFO: Versions: lxml 4.5.0.0, libxml2 2.9.5, cssselect 1.1.0, parsel 1.5.2, w3lib 1.21.0, Twisted 19.10.0, Python 3.7.0 (v3.7.0:1bf9cc5093, Jun 27 2018, 04:59:51) [MSC v.1914 64 bit (AMD64)], pyOpenSSL 19.1.0 (OpenSSL 1.1.1d  10 Sep 2019), cryptography 2.8, Platform Windows-10-10.0.18362-SP0
2020-03-01 13:05:07 [scrapy.crawler] INFO: Overridden settings: {'BOT_NAME': 'goodbook', 'LOG_FILE': 'scrapy.log', 'LOG_LEVEL': 'INFO', 'NEWSPIDER_MODULE': 'goodbook.spiders', 'ROBOTSTXT_OBEY': True, 'SPIDER_MODULES': ['goodbook.spiders']}
2020-03-01 13:05:07 [scrapy.extensions.telnet] INFO: Telnet Password: e097cb906db3ea75
2020-03-01 13:05:07 [scrapy.middleware] INFO: Enabled extensions:
['scrapy.extensions.corestats.CoreStats',
 'scrapy.extensions.telnet.TelnetConsole',
 'scrapy.extensions.logstats.LogStats']
2020-03-01 13:05:08 [scrapy.middleware] INFO: Enabled downloader middlewares:
['scrapy.downloadermiddlewares.robotstxt.RobotsTxtMiddleware',
 'scrapy.downloadermiddlewares.httpauth.HttpAuthMiddleware',
 'scrapy.downloadermiddlewares.downloadtimeout.DownloadTimeoutMiddleware',
 'scrapy.downloadermiddlewares.defaultheaders.DefaultHeadersMiddleware',
 'scrapy.downloadermiddlewares.useragent.UserAgentMiddleware',
 'scrapy.downloadermiddlewares.retry.RetryMiddleware',
 'scrapy.downloadermiddlewares.redirect.MetaRefreshMiddleware',
 'scrapy.downloadermiddlewares.httpcompression.HttpCompressionMiddleware',
 'scrapy.downloadermiddlewares.redirect.RedirectMiddleware',
 'scrapy.downloadermiddlewares.cookies.CookiesMiddleware',
 'scrapy.downloadermiddlewares.httpproxy.HttpProxyMiddleware',
 'scrapy.downloadermiddlewares.stats.DownloaderStats']
2020-03-01 13:05:08 [scrapy.middleware] INFO: Enabled spider middlewares:
['scrapy.spidermiddlewares.httperror.HttpErrorMiddleware',
 'scrapy.spidermiddlewares.offsite.OffsiteMiddleware',
 'scrapy.spidermiddlewares.referer.RefererMiddleware',
 'scrapy.spidermiddlewares.urllength.UrlLengthMiddleware',
 'scrapy.spidermiddlewares.depth.DepthMiddleware']
2020-03-01 13:05:08 [scrapy.middleware] INFO: Enabled item pipelines:
[]
2020-03-01 13:05:08 [scrapy.core.engine] INFO: Spider opened
2020-03-01 13:05:08 [scrapy.extensions.logstats] INFO: Crawled 0 pages (at 0 pages/min), scraped 0 items (at 0 items/min)
2020-03-01 13:05:08 [scrapy.extensions.telnet] INFO: Telnet console listening on 127.0.0.1:6023
2020-03-01 13:05:08 [scrapy.core.scraper] ERROR: Spider error processing <GET https://www.goodreads.com/> (referer: None)
Traceback (most recent call last):
  File "c:\users\dei hestia\pycharmprojects\untitled4\venv\lib\site-packages\scrapy\utils\defer.py", line 102, in iter_errback
    yield next(it)
  File "c:\users\dei hestia\pycharmprojects\untitled4\venv\lib\site-packages\scrapy\core\spidermw.py", line 84, in evaluate_iterable
    for r in iterable:
  File "c:\users\dei hestia\pycharmprojects\untitled4\venv\lib\site-packages\scrapy\spidermiddlewares\offsite.py", line 29, in process_spider_output
    for x in result:
  File "c:\users\dei hestia\pycharmprojects\untitled4\venv\lib\site-packages\scrapy\core\spidermw.py", line 84, in evaluate_iterable
    for r in iterable:
  File "c:\users\dei hestia\pycharmprojects\untitled4\venv\lib\site-packages\scrapy\spidermiddlewares\referer.py", line 339, in <genexpr>
    return (_set_referer(r) for r in result or ())
  File "c:\users\dei hestia\pycharmprojects\untitled4\venv\lib\site-packages\scrapy\core\spidermw.py", line 84, in evaluate_iterable
    for r in iterable:
  File "c:\users\dei hestia\pycharmprojects\untitled4\venv\lib\site-packages\scrapy\spidermiddlewares\urllength.py", line 37, in <genexpr>
    return (r for r in result or () if _filter(r))
  File "c:\users\dei hestia\pycharmprojects\untitled4\venv\lib\site-packages\scrapy\core\spidermw.py", line 84, in evaluate_iterable
    for r in iterable:
  File "c:\users\dei hestia\pycharmprojects\untitled4\venv\lib\site-packages\scrapy\spidermiddlewares\depth.py", line 58, in <genexpr>
    return (r for r in result or () if _filter(r))
  File "C:\Users\dei Hestia\PycharmProjects\untitled4\goodbook\goodbook\spiders\author_spider.py", line 29, in parse
    if not self.author_crawl:
AttributeError: 'AuthorSpider' object has no attribute 'author_crawl'
2020-03-01 13:05:09 [scrapy.core.scraper] ERROR: Spider error processing <GET https://www.goodreads.com/author/on_goodreads> (referer: None)
Traceback (most recent call last):
  File "c:\users\dei hestia\pycharmprojects\untitled4\venv\lib\site-packages\scrapy\utils\defer.py", line 102, in iter_errback
    yield next(it)
  File "c:\users\dei hestia\pycharmprojects\untitled4\venv\lib\site-packages\scrapy\core\spidermw.py", line 84, in evaluate_iterable
    for r in iterable:
  File "c:\users\dei hestia\pycharmprojects\untitled4\venv\lib\site-packages\scrapy\spidermiddlewares\offsite.py", line 29, in process_spider_output
    for x in result:
  File "c:\users\dei hestia\pycharmprojects\untitled4\venv\lib\site-packages\scrapy\core\spidermw.py", line 84, in evaluate_iterable
    for r in iterable:
  File "c:\users\dei hestia\pycharmprojects\untitled4\venv\lib\site-packages\scrapy\spidermiddlewares\referer.py", line 339, in <genexpr>
    return (_set_referer(r) for r in result or ())
  File "c:\users\dei hestia\pycharmprojects\untitled4\venv\lib\site-packages\scrapy\core\spidermw.py", line 84, in evaluate_iterable
    for r in iterable:
  File "c:\users\dei hestia\pycharmprojects\untitled4\venv\lib\site-packages\scrapy\spidermiddlewares\urllength.py", line 37, in <genexpr>
    return (r for r in result or () if _filter(r))
  File "c:\users\dei hestia\pycharmprojects\untitled4\venv\lib\site-packages\scrapy\core\spidermw.py", line 84, in evaluate_iterable
    for r in iterable:
  File "c:\users\dei hestia\pycharmprojects\untitled4\venv\lib\site-packages\scrapy\spidermiddlewares\depth.py", line 58, in <genexpr>
    return (r for r in result or () if _filter(r))
  File "C:\Users\dei Hestia\PycharmProjects\untitled4\goodbook\goodbook\spiders\author_spider.py", line 29, in parse
    if not self.author_crawl:
AttributeError: 'AuthorSpider' object has no attribute 'author_crawl'
2020-03-01 13:05:09 [scrapy.core.engine] INFO: Closing spider (finished)
2020-03-01 13:05:09 [scrapy.statscollectors] INFO: Dumping Scrapy stats:
{'downloader/request_bytes': 881,
 'downloader/request_count': 3,
 'downloader/request_method_count/GET': 3,
 'downloader/response_bytes': 48522,
 'downloader/response_count': 3,
 'downloader/response_status_count/200': 3,
 'elapsed_time_seconds': 0.634687,
 'finish_reason': 'finished',
 'finish_time': datetime.datetime(2020, 3, 1, 19, 5, 9, 50862),
 'log_count/ERROR': 2,
 'log_count/INFO': 10,
 'response_received_count': 3,
 'robotstxt/request_count': 1,
 'robotstxt/response_count': 1,
 'robotstxt/response_status_count/200': 1,
 'scheduler/dequeued': 2,
 'scheduler/dequeued/memory': 2,
 'scheduler/enqueued': 2,
 'scheduler/enqueued/memory': 2,
 'spider_exceptions/AttributeError': 2,
 'start_time': datetime.datetime(2020, 3, 1, 19, 5, 8, 416175)}
2020-03-01 13:05:09 [scrapy.core.engine] INFO: Spider closed (finished)
